{"C:\\Users\\bryan\\OneDrive\\Documents\\Desarrollos\\test-frontend-income\\src\\components\\Consume.tsx": {"path":"C:\\Users\\bryan\\OneDrive\\Documents\\Desarrollos\\test-frontend-income\\src\\components\\Consume.tsx","statementMap":{"0":{"start":{"line":1,"column":0},"end":{"line":1,"column":41}},"1":{"start":{"line":2,"column":0},"end":{"line":2,"column":64}},"2":{"start":{"line":3,"column":0},"end":{"line":3,"column":66}},"3":{"start":{"line":4,"column":0},"end":{"line":4,"column":112}},"4":{"start":{"line":5,"column":0},"end":{"line":5,"column":39}},"5":{"start":{"line":6,"column":0},"end":{"line":6,"column":23}},"6":{"start":{"line":7,"column":0},"end":{"line":7,"column":20}},"7":{"start":{"line":8,"column":0},"end":{"line":8,"column":59}},"8":{"start":{"line":10,"column":26},"end":{"line":31,"column":1}},"9":{"start":{"line":11,"column":19},"end":{"line":11,"column":35}},"10":{"start":{"line":12,"column":15},"end":{"line":12,"column":48}},"11":{"start":{"line":13,"column":18},"end":{"line":13,"column":54}},"12":{"start":{"line":14,"column":16},"end":{"line":14,"column":50}},"13":{"start":{"line":16,"column":2},"end":{"line":18,"column":17}},"14":{"start":{"line":17,"column":4},"end":{"line":17,"column":33}},"15":{"start":{"line":20,"column":2},"end":{"line":20,"column":40}},"16":{"start":{"line":20,"column":15},"end":{"line":20,"column":40}},"17":{"start":{"line":21,"column":2},"end":{"line":21,"column":42}},"18":{"start":{"line":21,"column":13},"end":{"line":21,"column":42}},"19":{"start":{"line":23,"column":2},"end":{"line":30,"column":4}},"20":{"start":{"line":33,"column":0},"end":{"line":33,"column":23}}},"fnMap":{"0":{"name":"(anonymous_2)","decl":{"start":{"line":10,"column":26},"end":{"line":10,"column":null}},"loc":{"start":{"line":10,"column":26},"end":{"line":31,"column":1}}},"1":{"name":"(anonymous_3)","decl":{"start":{"line":16,"column":12},"end":{"line":16,"column":null}},"loc":{"start":{"line":16,"column":12},"end":{"line":18,"column":3}}}},"branchMap":{"0":{"loc":{"start":{"line":20,"column":2},"end":{"line":20,"column":40}},"type":"if","locations":[{"start":{"line":20,"column":2},"end":{"line":20,"column":40}}]},"1":{"loc":{"start":{"line":21,"column":2},"end":{"line":21,"column":42}},"type":"if","locations":[{"start":{"line":21,"column":2},"end":{"line":21,"column":42}}]}},"s":{"0":2,"1":2,"2":2,"3":2,"4":2,"5":2,"6":2,"7":2,"8":2,"9":7,"10":6,"11":6,"12":6,"13":6,"14":2,"15":6,"16":2,"17":4,"18":0,"19":4,"20":2},"f":{"0":7,"1":2},"b":{"0":[2],"1":[0]}}
,"C:\\Users\\bryan\\OneDrive\\Documents\\Desarrollos\\test-frontend-income\\src\\components\\Costs.tsx": {"path":"C:\\Users\\bryan\\OneDrive\\Documents\\Desarrollos\\test-frontend-income\\src\\components\\Costs.tsx","statementMap":{"0":{"start":{"line":1,"column":0},"end":{"line":1,"column":41}},"1":{"start":{"line":2,"column":0},"end":{"line":2,"column":64}},"2":{"start":{"line":3,"column":0},"end":{"line":3,"column":60}},"3":{"start":{"line":4,"column":0},"end":{"line":4,"column":102}},"4":{"start":{"line":5,"column":0},"end":{"line":5,"column":39}},"5":{"start":{"line":6,"column":0},"end":{"line":6,"column":23}},"6":{"start":{"line":7,"column":0},"end":{"line":7,"column":20}},"7":{"start":{"line":8,"column":0},"end":{"line":8,"column":59}},"8":{"start":{"line":10,"column":24},"end":{"line":31,"column":1}},"9":{"start":{"line":11,"column":19},"end":{"line":11,"column":35}},"10":{"start":{"line":12,"column":15},"end":{"line":12,"column":46}},"11":{"start":{"line":13,"column":18},"end":{"line":13,"column":52}},"12":{"start":{"line":14,"column":16},"end":{"line":14,"column":48}},"13":{"start":{"line":16,"column":2},"end":{"line":18,"column":17}},"14":{"start":{"line":17,"column":4},"end":{"line":17,"column":31}},"15":{"start":{"line":20,"column":2},"end":{"line":20,"column":40}},"16":{"start":{"line":20,"column":15},"end":{"line":20,"column":40}},"17":{"start":{"line":21,"column":2},"end":{"line":21,"column":42}},"18":{"start":{"line":21,"column":13},"end":{"line":21,"column":42}},"19":{"start":{"line":23,"column":2},"end":{"line":30,"column":4}},"20":{"start":{"line":33,"column":0},"end":{"line":33,"column":21}}},"fnMap":{"0":{"name":"(anonymous_2)","decl":{"start":{"line":10,"column":24},"end":{"line":10,"column":null}},"loc":{"start":{"line":10,"column":24},"end":{"line":31,"column":1}}},"1":{"name":"(anonymous_3)","decl":{"start":{"line":16,"column":12},"end":{"line":16,"column":null}},"loc":{"start":{"line":16,"column":12},"end":{"line":18,"column":3}}}},"branchMap":{"0":{"loc":{"start":{"line":20,"column":2},"end":{"line":20,"column":40}},"type":"if","locations":[{"start":{"line":20,"column":2},"end":{"line":20,"column":40}}]},"1":{"loc":{"start":{"line":21,"column":2},"end":{"line":21,"column":42}},"type":"if","locations":[{"start":{"line":21,"column":2},"end":{"line":21,"column":42}}]}},"s":{"0":2,"1":2,"2":2,"3":2,"4":2,"5":2,"6":2,"7":2,"8":2,"9":7,"10":6,"11":6,"12":6,"13":6,"14":2,"15":6,"16":2,"17":4,"18":0,"19":4,"20":2},"f":{"0":7,"1":2},"b":{"0":[2],"1":[0]}}
,"C:\\Users\\bryan\\OneDrive\\Documents\\Desarrollos\\test-frontend-income\\src\\components\\EnergyTable.tsx": {"path":"C:\\Users\\bryan\\OneDrive\\Documents\\Desarrollos\\test-frontend-income\\src\\components\\EnergyTable.tsx","statementMap":{"0":{"start":{"line":1,"column":0},"end":{"line":1,"column":60}},"1":{"start":{"line":2,"column":0},"end":{"line":2,"column":null}},"2":{"start":{"line":8,"column":0},"end":{"line":8,"column":64}},"3":{"start":{"line":9,"column":0},"end":{"line":9,"column":63}},"4":{"start":{"line":10,"column":0},"end":{"line":10,"column":107}},"5":{"start":{"line":11,"column":0},"end":{"line":11,"column":59}},"6":{"start":{"line":13,"column":30},"end":{"line":106,"column":1}},"7":{"start":{"line":14,"column":19},"end":{"line":14,"column":35}},"8":{"start":{"line":15,"column":15},"end":{"line":15,"column":47}},"9":{"start":{"line":16,"column":18},"end":{"line":16,"column":53}},"10":{"start":{"line":17,"column":16},"end":{"line":17,"column":49}},"11":{"start":{"line":19,"column":38},"end":{"line":22,"column":4}},"12":{"start":{"line":19,"column":19},"end":{"line":19,"column":21}},"13":{"start":{"line":19,"column":34},"end":{"line":19,"column":38}},"14":{"start":{"line":24,"column":2},"end":{"line":26,"column":17}},"15":{"start":{"line":25,"column":4},"end":{"line":25,"column":32}},"16":{"start":{"line":28,"column":18},"end":{"line":49,"column":8}},"17":{"start":{"line":28,"column":32},"end":{"line":49,"column":5}},"18":{"start":{"line":51,"column":16},"end":{"line":60,"column":4}},"19":{"start":{"line":62,"column":2},"end":{"line":62,"column":40}},"20":{"start":{"line":62,"column":15},"end":{"line":62,"column":40}},"21":{"start":{"line":63,"column":2},"end":{"line":63,"column":42}},"22":{"start":{"line":63,"column":13},"end":{"line":63,"column":42}},"23":{"start":{"line":65,"column":2},"end":{"line":105,"column":4}},"24":{"start":{"line":70,"column":54},"end":{"line":76,"column":12}},"25":{"start":{"line":72,"column":49},"end":{"line":74,"column":16}},"26":{"start":{"line":79,"column":47},"end":{"line":85,"column":12}},"27":{"start":{"line":81,"column":49},"end":{"line":83,"column":16}},"28":{"start":{"line":90,"column":23},"end":{"line":90,"column":null}},"29":{"start":{"line":97,"column":23},"end":{"line":97,"column":null}},"30":{"start":{"line":108,"column":0},"end":{"line":108,"column":27}}},"fnMap":{"0":{"name":"(anonymous_2)","decl":{"start":{"line":13,"column":30},"end":{"line":13,"column":null}},"loc":{"start":{"line":13,"column":30},"end":{"line":106,"column":1}}},"1":{"name":"(anonymous_3)","decl":{"start":{"line":24,"column":12},"end":{"line":24,"column":null}},"loc":{"start":{"line":24,"column":12},"end":{"line":26,"column":3}}},"2":{"name":"(anonymous_4)","decl":{"start":{"line":28,"column":26},"end":{"line":28,"column":32}},"loc":{"start":{"line":28,"column":26},"end":{"line":28,"column":null}}},"3":{"name":"(anonymous_5)","decl":{"start":{"line":70,"column":39},"end":{"line":70,"column":50}},"loc":{"start":{"line":70,"column":50},"end":{"line":70,"column":null}}},"4":{"name":"(anonymous_6)","decl":{"start":{"line":72,"column":39},"end":{"line":72,"column":45}},"loc":{"start":{"line":72,"column":45},"end":{"line":72,"column":null}}},"5":{"name":"(anonymous_7)","decl":{"start":{"line":79,"column":40},"end":{"line":79,"column":43}},"loc":{"start":{"line":79,"column":43},"end":{"line":79,"column":null}}},"6":{"name":"(anonymous_8)","decl":{"start":{"line":81,"column":41},"end":{"line":81,"column":45}},"loc":{"start":{"line":81,"column":45},"end":{"line":81,"column":null}}},"7":{"name":"(anonymous_9)","decl":{"start":{"line":90,"column":17},"end":{"line":90,"column":23}},"loc":{"start":{"line":90,"column":17},"end":{"line":90,"column":28}}},"8":{"name":"(anonymous_10)","decl":{"start":{"line":97,"column":17},"end":{"line":97,"column":23}},"loc":{"start":{"line":97,"column":17},"end":{"line":97,"column":28}}}},"branchMap":{"0":{"loc":{"start":{"line":62,"column":2},"end":{"line":62,"column":40}},"type":"if","locations":[{"start":{"line":62,"column":2},"end":{"line":62,"column":40}}]},"1":{"loc":{"start":{"line":63,"column":2},"end":{"line":63,"column":42}},"type":"if","locations":[{"start":{"line":63,"column":2},"end":{"line":63,"column":42}}]}},"s":{"0":2,"1":2,"2":2,"3":2,"4":2,"5":2,"6":2,"7":8,"8":7,"9":7,"10":7,"11":7,"12":7,"13":7,"14":7,"15":2,"16":7,"17":2,"18":7,"19":7,"20":2,"21":5,"22":0,"23":5,"24":5,"25":25,"26":45,"27":225,"28":0,"29":0,"30":2},"f":{"0":8,"1":2,"2":2,"3":5,"4":25,"5":45,"6":225,"7":0,"8":0},"b":{"0":[2],"1":[0]}}
,"C:\\Users\\bryan\\OneDrive\\Documents\\Desarrollos\\test-frontend-income\\src\\components\\Losts.tsx": {"path":"C:\\Users\\bryan\\OneDrive\\Documents\\Desarrollos\\test-frontend-income\\src\\components\\Losts.tsx","statementMap":{"0":{"start":{"line":1,"column":0},"end":{"line":1,"column":41}},"1":{"start":{"line":2,"column":0},"end":{"line":2,"column":64}},"2":{"start":{"line":3,"column":0},"end":{"line":3,"column":60}},"3":{"start":{"line":4,"column":0},"end":{"line":4,"column":102}},"4":{"start":{"line":5,"column":0},"end":{"line":5,"column":39}},"5":{"start":{"line":6,"column":0},"end":{"line":6,"column":23}},"6":{"start":{"line":7,"column":0},"end":{"line":7,"column":20}},"7":{"start":{"line":8,"column":0},"end":{"line":8,"column":59}},"8":{"start":{"line":10,"column":24},"end":{"line":31,"column":1}},"9":{"start":{"line":11,"column":19},"end":{"line":11,"column":35}},"10":{"start":{"line":12,"column":15},"end":{"line":12,"column":46}},"11":{"start":{"line":13,"column":18},"end":{"line":13,"column":52}},"12":{"start":{"line":14,"column":16},"end":{"line":14,"column":48}},"13":{"start":{"line":16,"column":2},"end":{"line":18,"column":17}},"14":{"start":{"line":17,"column":4},"end":{"line":17,"column":31}},"15":{"start":{"line":20,"column":2},"end":{"line":20,"column":40}},"16":{"start":{"line":20,"column":15},"end":{"line":20,"column":40}},"17":{"start":{"line":21,"column":2},"end":{"line":21,"column":42}},"18":{"start":{"line":21,"column":13},"end":{"line":21,"column":42}},"19":{"start":{"line":23,"column":2},"end":{"line":30,"column":4}},"20":{"start":{"line":33,"column":0},"end":{"line":33,"column":21}}},"fnMap":{"0":{"name":"(anonymous_2)","decl":{"start":{"line":10,"column":24},"end":{"line":10,"column":null}},"loc":{"start":{"line":10,"column":24},"end":{"line":31,"column":1}}},"1":{"name":"(anonymous_3)","decl":{"start":{"line":16,"column":12},"end":{"line":16,"column":null}},"loc":{"start":{"line":16,"column":12},"end":{"line":18,"column":3}}}},"branchMap":{"0":{"loc":{"start":{"line":20,"column":2},"end":{"line":20,"column":40}},"type":"if","locations":[{"start":{"line":20,"column":2},"end":{"line":20,"column":40}}]},"1":{"loc":{"start":{"line":21,"column":2},"end":{"line":21,"column":42}},"type":"if","locations":[{"start":{"line":21,"column":2},"end":{"line":21,"column":42}}]}},"s":{"0":2,"1":2,"2":2,"3":2,"4":2,"5":2,"6":2,"7":2,"8":2,"9":7,"10":6,"11":6,"12":6,"13":6,"14":2,"15":6,"16":2,"17":4,"18":0,"19":4,"20":2},"f":{"0":7,"1":2},"b":{"0":[2],"1":[0]}}
,"C:\\Users\\bryan\\OneDrive\\Documents\\Desarrollos\\test-frontend-income\\src\\pages\\home.tsx": {"path":"C:\\Users\\bryan\\OneDrive\\Documents\\Desarrollos\\test-frontend-income\\src\\pages\\home.tsx","statementMap":{"0":{"start":{"line":2,"column":0},"end":{"line":2,"column":54}},"1":{"start":{"line":3,"column":0},"end":{"line":3,"column":44}},"2":{"start":{"line":4,"column":0},"end":{"line":4,"column":40}},"3":{"start":{"line":5,"column":0},"end":{"line":5,"column":40}},"4":{"start":{"line":6,"column":0},"end":{"line":6,"column":52}},"5":{"start":{"line":8,"column":23},"end":{"line":27,"column":1}},"6":{"start":{"line":9,"column":2},"end":{"line":26,"column":4}},"7":{"start":{"line":29,"column":0},"end":{"line":29,"column":20}}},"fnMap":{"0":{"name":"(anonymous_3)","decl":{"start":{"line":8,"column":23},"end":{"line":8,"column":null}},"loc":{"start":{"line":8,"column":23},"end":{"line":27,"column":1}}}},"branchMap":{},"s":{"0":1,"1":1,"2":1,"3":1,"4":1,"5":1,"6":2,"7":1},"f":{"0":2},"b":{}}
,"C:\\Users\\bryan\\OneDrive\\Documents\\Desarrollos\\test-frontend-income\\src\\store\\hooks.ts": {"path":"C:\\Users\\bryan\\OneDrive\\Documents\\Desarrollos\\test-frontend-income\\src\\store\\hooks.ts","statementMap":{"0":{"start":{"line":1,"column":0},"end":{"line":1,"column":77}},"1":{"start":{"line":4,"column":30},"end":{"line":4,"column":47}},"2":{"start":{"line":4,"column":36},"end":{"line":4,"column":63}},"3":{"start":{"line":4,"column":13},"end":{"line":4,"column":30}},"4":{"start":{"line":5,"column":13},"end":{"line":5,"column":75}}},"fnMap":{"0":{"name":"(anonymous_0)","decl":{"start":{"line":4,"column":30},"end":{"line":4,"column":36}},"loc":{"start":{"line":4,"column":30},"end":{"line":4,"column":47}}}},"branchMap":{},"s":{"0":5,"1":5,"2":29,"3":5,"4":5},"f":{"0":29},"b":{}}
,"C:\\Users\\bryan\\OneDrive\\Documents\\Desarrollos\\test-frontend-income\\src\\store\\index.ts": {"path":"C:\\Users\\bryan\\OneDrive\\Documents\\Desarrollos\\test-frontend-income\\src\\store\\index.ts","statementMap":{"0":{"start":{"line":1,"column":0},"end":{"line":1,"column":50}},"1":{"start":{"line":2,"column":0},"end":{"line":2,"column":52}},"2":{"start":{"line":3,"column":0},"end":{"line":3,"column":46}},"3":{"start":{"line":4,"column":0},"end":{"line":4,"column":46}},"4":{"start":{"line":5,"column":0},"end":{"line":5,"column":49}},"5":{"start":{"line":7,"column":14},"end":{"line":14,"column":2}},"6":{"start":{"line":19,"column":0},"end":{"line":19,"column":21}}},"fnMap":{},"branchMap":{},"s":{"0":5,"1":5,"2":5,"3":5,"4":5,"5":5,"6":5},"f":{},"b":{}}
,"C:\\Users\\bryan\\OneDrive\\Documents\\Desarrollos\\test-frontend-income\\src\\store\\consume\\consumeSelectors.ts": {"path":"C:\\Users\\bryan\\OneDrive\\Documents\\Desarrollos\\test-frontend-income\\src\\store\\consume\\consumeSelectors.ts","statementMap":{"0":{"start":{"line":3,"column":33},"end":{"line":3,"column":60}},"1":{"start":{"line":3,"column":55},"end":{"line":3,"column":74}},"2":{"start":{"line":3,"column":13},"end":{"line":3,"column":33}},"3":{"start":{"line":4,"column":36},"end":{"line":4,"column":63}},"4":{"start":{"line":4,"column":58},"end":{"line":4,"column":80}},"5":{"start":{"line":4,"column":13},"end":{"line":4,"column":36}},"6":{"start":{"line":5,"column":34},"end":{"line":5,"column":61}},"7":{"start":{"line":5,"column":56},"end":{"line":5,"column":76}},"8":{"start":{"line":5,"column":13},"end":{"line":5,"column":34}}},"fnMap":{"0":{"name":"(anonymous_0)","decl":{"start":{"line":3,"column":33},"end":{"line":3,"column":34}},"loc":{"start":{"line":3,"column":50},"end":{"line":3,"column":60}}},"1":{"name":"(anonymous_1)","decl":{"start":{"line":4,"column":36},"end":{"line":4,"column":37}},"loc":{"start":{"line":4,"column":53},"end":{"line":4,"column":63}}},"2":{"name":"(anonymous_2)","decl":{"start":{"line":5,"column":34},"end":{"line":5,"column":35}},"loc":{"start":{"line":5,"column":51},"end":{"line":5,"column":61}}}},"branchMap":{},"s":{"0":2,"1":21,"2":2,"3":2,"4":20,"5":2,"6":2,"7":22,"8":2},"f":{"0":21,"1":20,"2":22},"b":{}}
,"C:\\Users\\bryan\\OneDrive\\Documents\\Desarrollos\\test-frontend-income\\src\\store\\consume\\consumeSlice.ts": {"path":"C:\\Users\\bryan\\OneDrive\\Documents\\Desarrollos\\test-frontend-income\\src\\store\\consume\\consumeSlice.ts","statementMap":{"0":{"start":{"line":1,"column":0},"end":{"line":1,"column":62}},"1":{"start":{"line":2,"column":0},"end":{"line":2,"column":51}},"2":{"start":{"line":11,"column":35},"end":{"line":15,"column":2}},"3":{"start":{"line":17,"column":21},"end":{"line":36,"column":2}},"4":{"start":{"line":22,"column":4},"end":{"line":34,"column":9}},"5":{"start":{"line":24,"column":8},"end":{"line":24,"column":29}},"6":{"start":{"line":25,"column":8},"end":{"line":25,"column":27}},"7":{"start":{"line":28,"column":8},"end":{"line":28,"column":30}},"8":{"start":{"line":29,"column":8},"end":{"line":29,"column":36}},"9":{"start":{"line":32,"column":8},"end":{"line":32,"column":30}},"10":{"start":{"line":33,"column":8},"end":{"line":33,"column":69}},"11":{"start":{"line":38,"column":0},"end":{"line":38,"column":36}}},"fnMap":{"0":{"name":"(anonymous_0)","decl":{"start":{"line":21,"column":17},"end":{"line":21,"column":18}},"loc":{"start":{"line":21,"column":25},"end":{"line":35,"column":3}}},"1":{"name":"(anonymous_1)","decl":{"start":{"line":23,"column":41},"end":{"line":23,"column":42}},"loc":{"start":{"line":23,"column":47},"end":{"line":26,"column":7}}},"2":{"name":"(anonymous_2)","decl":{"start":{"line":27,"column":43},"end":{"line":27,"column":44}},"loc":{"start":{"line":27,"column":84},"end":{"line":30,"column":7}}},"3":{"name":"(anonymous_3)","decl":{"start":{"line":31,"column":42},"end":{"line":31,"column":43}},"loc":{"start":{"line":31,"column":56},"end":{"line":34,"column":7}}}},"branchMap":{"0":{"loc":{"start":{"line":33,"column":22},"end":{"line":33,"column":68}},"type":"binary-expr","locations":[{"start":{"line":33,"column":22},"end":{"line":33,"column":42}},{"start":{"line":33,"column":46},"end":{"line":33,"column":68}}]}},"s":{"0":5,"1":5,"2":5,"3":5,"4":5,"5":2,"6":2,"7":2,"8":2,"9":0,"10":0,"11":5},"f":{"0":5,"1":2,"2":2,"3":0},"b":{"0":[0,0]}}
,"C:\\Users\\bryan\\OneDrive\\Documents\\Desarrollos\\test-frontend-income\\src\\store\\consume\\consumeThunks.ts": {"path":"C:\\Users\\bryan\\OneDrive\\Documents\\Desarrollos\\test-frontend-income\\src\\store\\consume\\consumeThunks.ts","statementMap":{"0":{"start":{"line":1,"column":0},"end":{"line":1,"column":52}},"1":{"start":{"line":2,"column":0},"end":{"line":2,"column":60}},"2":{"start":{"line":4,"column":0},"end":{"line":4,"column":75}},"3":{"start":{"line":6,"column":13},"end":{"line":33,"column":2}},"4":{"start":{"line":8,"column":2},"end":{"line":32,"column":null}},"5":{"start":{"line":9,"column":10},"end":{"line":9,"column":41}},"6":{"start":{"line":11,"column":10},"end":{"line":11,"column":50}},"7":{"start":{"line":12,"column":10},"end":{"line":12,"column":29}},"8":{"start":{"line":14,"column":10},"end":{"line":19,"column":6}},"9":{"start":{"line":15,"column":6},"end":{"line":17,"column":null}},"10":{"start":{"line":16,"column":8},"end":{"line":16,"column":40}},"11":{"start":{"line":18,"column":6},"end":{"line":18,"column":26}},"12":{"start":{"line":21,"column":4},"end":{"line":26,"column":7}},"13":{"start":{"line":22,"column":19},"end":{"line":22,"column":51}},"14":{"start":{"line":23,"column":19},"end":{"line":23,"column":75}},"15":{"start":{"line":24,"column":6},"end":{"line":24,"column":63}},"16":{"start":{"line":25,"column":6},"end":{"line":25,"column":27}},"17":{"start":{"line":28,"column":4},"end":{"line":31,"column":8}},"18":{"start":{"line":28,"column":43},"end":{"line":28,"column":45}},"19":{"start":{"line":28,"column":53},"end":{"line":28,"column":54}},"20":{"start":{"line":28,"column":59},"end":{"line":31,"column":7}}},"fnMap":{"0":{"name":"(anonymous_15)","decl":{"start":{"line":8,"column":2},"end":{"line":8,"column":null}},"loc":{"start":{"line":8,"column":2},"end":{"line":32,"column":null}}},"1":{"name":"(anonymous_18)","decl":{"start":{"line":14,"column":21},"end":{"line":14,"column":22}},"loc":{"start":{"line":14,"column":34},"end":{"line":19,"column":5}}},"2":{"name":"(anonymous_19)","decl":{"start":{"line":21,"column":17},"end":{"line":21,"column":18}},"loc":{"start":{"line":21,"column":18},"end":{"line":26,"column":5}}},"3":{"name":"(anonymous_20)","decl":{"start":{"line":28,"column":37},"end":{"line":28,"column":38}},"loc":{"start":{"line":28,"column":54},"end":{"line":28,"column":null}}}},"branchMap":{"0":{"loc":{"start":{"line":15,"column":6},"end":{"line":17,"column":null}},"type":"if","locations":[{"start":{"line":15,"column":6},"end":{"line":17,"column":null}}]},"1":{"loc":{"start":{"line":23,"column":19},"end":{"line":23,"column":75}},"type":"binary-expr","locations":[{"start":{"line":23,"column":19},"end":{"line":23,"column":32}},{"start":{"line":23,"column":36},"end":{"line":23,"column":75}}]}},"s":{"0":5,"1":5,"2":5,"3":5,"4":2,"5":2,"6":2,"7":2,"8":2,"9":10,"10":10,"11":10,"12":2,"13":100,"14":100,"15":100,"16":100,"17":2,"18":10,"19":10,"20":10},"f":{"0":4,"1":10,"2":100,"3":10},"b":{"0":[10],"1":[100,10]}}
,"C:\\Users\\bryan\\OneDrive\\Documents\\Desarrollos\\test-frontend-income\\src\\store\\costs\\costsSelectors.ts": {"path":"C:\\Users\\bryan\\OneDrive\\Documents\\Desarrollos\\test-frontend-income\\src\\store\\costs\\costsSelectors.ts","statementMap":{"0":{"start":{"line":3,"column":31},"end":{"line":3,"column":58}},"1":{"start":{"line":3,"column":53},"end":{"line":3,"column":70}},"2":{"start":{"line":3,"column":13},"end":{"line":3,"column":31}},"3":{"start":{"line":4,"column":34},"end":{"line":4,"column":61}},"4":{"start":{"line":4,"column":56},"end":{"line":4,"column":76}},"5":{"start":{"line":4,"column":13},"end":{"line":4,"column":34}},"6":{"start":{"line":5,"column":32},"end":{"line":5,"column":59}},"7":{"start":{"line":5,"column":54},"end":{"line":5,"column":72}},"8":{"start":{"line":5,"column":13},"end":{"line":5,"column":32}}},"fnMap":{"0":{"name":"(anonymous_0)","decl":{"start":{"line":3,"column":31},"end":{"line":3,"column":32}},"loc":{"start":{"line":3,"column":48},"end":{"line":3,"column":58}}},"1":{"name":"(anonymous_1)","decl":{"start":{"line":4,"column":34},"end":{"line":4,"column":35}},"loc":{"start":{"line":4,"column":51},"end":{"line":4,"column":61}}},"2":{"name":"(anonymous_2)","decl":{"start":{"line":5,"column":32},"end":{"line":5,"column":33}},"loc":{"start":{"line":5,"column":49},"end":{"line":5,"column":59}}}},"branchMap":{},"s":{"0":2,"1":21,"2":2,"3":2,"4":20,"5":2,"6":2,"7":22,"8":2},"f":{"0":21,"1":20,"2":22},"b":{}}
,"C:\\Users\\bryan\\OneDrive\\Documents\\Desarrollos\\test-frontend-income\\src\\store\\costs\\costsSlice.ts": {"path":"C:\\Users\\bryan\\OneDrive\\Documents\\Desarrollos\\test-frontend-income\\src\\store\\costs\\costsSlice.ts","statementMap":{"0":{"start":{"line":1,"column":0},"end":{"line":1,"column":47}},"1":{"start":{"line":2,"column":0},"end":{"line":2,"column":47}},"2":{"start":{"line":11,"column":33},"end":{"line":15,"column":2}},"3":{"start":{"line":17,"column":19},"end":{"line":35,"column":2}},"4":{"start":{"line":22,"column":4},"end":{"line":25,"column":7}},"5":{"start":{"line":23,"column":6},"end":{"line":23,"column":27}},"6":{"start":{"line":24,"column":6},"end":{"line":24,"column":25}},"7":{"start":{"line":26,"column":4},"end":{"line":29,"column":7}},"8":{"start":{"line":27,"column":6},"end":{"line":27,"column":28}},"9":{"start":{"line":28,"column":6},"end":{"line":28,"column":34}},"10":{"start":{"line":30,"column":4},"end":{"line":33,"column":7}},"11":{"start":{"line":31,"column":6},"end":{"line":31,"column":28}},"12":{"start":{"line":32,"column":6},"end":{"line":32,"column":73}},"13":{"start":{"line":37,"column":0},"end":{"line":37,"column":34}}},"fnMap":{"0":{"name":"(anonymous_0)","decl":{"start":{"line":21,"column":17},"end":{"line":21,"column":18}},"loc":{"start":{"line":21,"column":25},"end":{"line":34,"column":3}}},"1":{"name":"(anonymous_1)","decl":{"start":{"line":22,"column":44},"end":{"line":22,"column":45}},"loc":{"start":{"line":22,"column":50},"end":{"line":25,"column":5}}},"2":{"name":"(anonymous_2)","decl":{"start":{"line":26,"column":46},"end":{"line":26,"column":47}},"loc":{"start":{"line":26,"column":60},"end":{"line":29,"column":5}}},"3":{"name":"(anonymous_3)","decl":{"start":{"line":30,"column":45},"end":{"line":30,"column":46}},"loc":{"start":{"line":30,"column":59},"end":{"line":33,"column":5}}}},"branchMap":{"0":{"loc":{"start":{"line":32,"column":20},"end":{"line":32,"column":72}},"type":"binary-expr","locations":[{"start":{"line":32,"column":20},"end":{"line":32,"column":40}},{"start":{"line":32,"column":44},"end":{"line":32,"column":72}}]}},"s":{"0":5,"1":5,"2":5,"3":5,"4":5,"5":2,"6":2,"7":5,"8":2,"9":2,"10":5,"11":0,"12":0,"13":5},"f":{"0":5,"1":2,"2":2,"3":0},"b":{"0":[0,0]}}
,"C:\\Users\\bryan\\OneDrive\\Documents\\Desarrollos\\test-frontend-income\\src\\store\\costs\\costsThunks.ts": {"path":"C:\\Users\\bryan\\OneDrive\\Documents\\Desarrollos\\test-frontend-income\\src\\store\\costs\\costsThunks.ts","statementMap":{"0":{"start":{"line":1,"column":0},"end":{"line":1,"column":52}},"1":{"start":{"line":2,"column":0},"end":{"line":2,"column":58}},"2":{"start":{"line":4,"column":0},"end":{"line":4,"column":75}},"3":{"start":{"line":6,"column":13},"end":{"line":33,"column":2}},"4":{"start":{"line":8,"column":2},"end":{"line":32,"column":null}},"5":{"start":{"line":9,"column":10},"end":{"line":9,"column":39}},"6":{"start":{"line":11,"column":10},"end":{"line":11,"column":50}},"7":{"start":{"line":12,"column":10},"end":{"line":12,"column":29}},"8":{"start":{"line":14,"column":10},"end":{"line":19,"column":6}},"9":{"start":{"line":15,"column":6},"end":{"line":17,"column":null}},"10":{"start":{"line":16,"column":8},"end":{"line":16,"column":40}},"11":{"start":{"line":18,"column":6},"end":{"line":18,"column":26}},"12":{"start":{"line":21,"column":4},"end":{"line":26,"column":7}},"13":{"start":{"line":22,"column":19},"end":{"line":22,"column":51}},"14":{"start":{"line":23,"column":19},"end":{"line":23,"column":75}},"15":{"start":{"line":24,"column":6},"end":{"line":24,"column":63}},"16":{"start":{"line":25,"column":6},"end":{"line":25,"column":27}},"17":{"start":{"line":28,"column":4},"end":{"line":31,"column":8}},"18":{"start":{"line":28,"column":43},"end":{"line":28,"column":45}},"19":{"start":{"line":28,"column":53},"end":{"line":28,"column":54}},"20":{"start":{"line":28,"column":59},"end":{"line":31,"column":7}}},"fnMap":{"0":{"name":"(anonymous_15)","decl":{"start":{"line":8,"column":2},"end":{"line":8,"column":null}},"loc":{"start":{"line":8,"column":2},"end":{"line":32,"column":null}}},"1":{"name":"(anonymous_18)","decl":{"start":{"line":14,"column":21},"end":{"line":14,"column":22}},"loc":{"start":{"line":14,"column":34},"end":{"line":19,"column":5}}},"2":{"name":"(anonymous_19)","decl":{"start":{"line":21,"column":17},"end":{"line":21,"column":18}},"loc":{"start":{"line":21,"column":18},"end":{"line":26,"column":5}}},"3":{"name":"(anonymous_20)","decl":{"start":{"line":28,"column":37},"end":{"line":28,"column":38}},"loc":{"start":{"line":28,"column":54},"end":{"line":28,"column":null}}}},"branchMap":{"0":{"loc":{"start":{"line":15,"column":6},"end":{"line":17,"column":null}},"type":"if","locations":[{"start":{"line":15,"column":6},"end":{"line":17,"column":null}}]},"1":{"loc":{"start":{"line":23,"column":19},"end":{"line":23,"column":75}},"type":"binary-expr","locations":[{"start":{"line":23,"column":19},"end":{"line":23,"column":32}},{"start":{"line":23,"column":36},"end":{"line":23,"column":75}}]}},"s":{"0":5,"1":5,"2":5,"3":5,"4":2,"5":2,"6":2,"7":2,"8":2,"9":10,"10":10,"11":10,"12":2,"13":140,"14":140,"15":140,"16":140,"17":2,"18":10,"19":10,"20":10},"f":{"0":4,"1":10,"2":140,"3":10},"b":{"0":[10],"1":[140,10]}}
,"C:\\Users\\bryan\\OneDrive\\Documents\\Desarrollos\\test-frontend-income\\src\\store\\energy\\energySelectors.ts": {"path":"C:\\Users\\bryan\\OneDrive\\Documents\\Desarrollos\\test-frontend-income\\src\\store\\energy\\energySelectors.ts","statementMap":{"0":{"start":{"line":3,"column":32},"end":{"line":3,"column":59}},"1":{"start":{"line":3,"column":54},"end":{"line":3,"column":72}},"2":{"start":{"line":3,"column":13},"end":{"line":3,"column":32}},"3":{"start":{"line":4,"column":35},"end":{"line":4,"column":62}},"4":{"start":{"line":4,"column":57},"end":{"line":4,"column":78}},"5":{"start":{"line":4,"column":13},"end":{"line":4,"column":35}},"6":{"start":{"line":5,"column":33},"end":{"line":5,"column":60}},"7":{"start":{"line":5,"column":55},"end":{"line":5,"column":74}},"8":{"start":{"line":5,"column":13},"end":{"line":5,"column":33}}},"fnMap":{"0":{"name":"(anonymous_0)","decl":{"start":{"line":3,"column":32},"end":{"line":3,"column":33}},"loc":{"start":{"line":3,"column":49},"end":{"line":3,"column":59}}},"1":{"name":"(anonymous_1)","decl":{"start":{"line":4,"column":35},"end":{"line":4,"column":36}},"loc":{"start":{"line":4,"column":52},"end":{"line":4,"column":62}}},"2":{"name":"(anonymous_2)","decl":{"start":{"line":5,"column":33},"end":{"line":5,"column":34}},"loc":{"start":{"line":5,"column":50},"end":{"line":5,"column":60}}}},"branchMap":{},"s":{"0":2,"1":16,"2":2,"3":2,"4":12,"5":2,"6":2,"7":22,"8":2},"f":{"0":16,"1":12,"2":22},"b":{}}
,"C:\\Users\\bryan\\OneDrive\\Documents\\Desarrollos\\test-frontend-income\\src\\store\\energy\\energySlice.ts": {"path":"C:\\Users\\bryan\\OneDrive\\Documents\\Desarrollos\\test-frontend-income\\src\\store\\energy\\energySlice.ts","statementMap":{"0":{"start":{"line":1,"column":0},"end":{"line":1,"column":62}},"1":{"start":{"line":3,"column":0},"end":{"line":3,"column":49}},"2":{"start":{"line":11,"column":34},"end":{"line":15,"column":2}},"3":{"start":{"line":17,"column":20},"end":{"line":35,"column":2}},"4":{"start":{"line":22,"column":4},"end":{"line":25,"column":7}},"5":{"start":{"line":23,"column":6},"end":{"line":23,"column":27}},"6":{"start":{"line":24,"column":6},"end":{"line":24,"column":25}},"7":{"start":{"line":26,"column":4},"end":{"line":29,"column":7}},"8":{"start":{"line":27,"column":6},"end":{"line":27,"column":28}},"9":{"start":{"line":28,"column":6},"end":{"line":28,"column":34}},"10":{"start":{"line":30,"column":4},"end":{"line":33,"column":7}},"11":{"start":{"line":31,"column":6},"end":{"line":31,"column":28}},"12":{"start":{"line":32,"column":6},"end":{"line":32,"column":74}},"13":{"start":{"line":37,"column":0},"end":{"line":37,"column":35}}},"fnMap":{"0":{"name":"(anonymous_0)","decl":{"start":{"line":21,"column":17},"end":{"line":21,"column":18}},"loc":{"start":{"line":21,"column":25},"end":{"line":34,"column":3}}},"1":{"name":"(anonymous_1)","decl":{"start":{"line":22,"column":45},"end":{"line":22,"column":46}},"loc":{"start":{"line":22,"column":51},"end":{"line":25,"column":5}}},"2":{"name":"(anonymous_2)","decl":{"start":{"line":26,"column":47},"end":{"line":26,"column":48}},"loc":{"start":{"line":26,"column":98},"end":{"line":29,"column":5}}},"3":{"name":"(anonymous_3)","decl":{"start":{"line":30,"column":46},"end":{"line":30,"column":47}},"loc":{"start":{"line":30,"column":60},"end":{"line":33,"column":5}}}},"branchMap":{"0":{"loc":{"start":{"line":32,"column":20},"end":{"line":32,"column":73}},"type":"binary-expr","locations":[{"start":{"line":32,"column":20},"end":{"line":32,"column":40}},{"start":{"line":32,"column":44},"end":{"line":32,"column":73}}]}},"s":{"0":5,"1":5,"2":5,"3":5,"4":5,"5":2,"6":2,"7":5,"8":2,"9":2,"10":5,"11":0,"12":0,"13":5},"f":{"0":5,"1":2,"2":2,"3":0},"b":{"0":[0,0]}}
,"C:\\Users\\bryan\\OneDrive\\Documents\\Desarrollos\\test-frontend-income\\src\\store\\energy\\energyThunks.ts": {"path":"C:\\Users\\bryan\\OneDrive\\Documents\\Desarrollos\\test-frontend-income\\src\\store\\energy\\energyThunks.ts","statementMap":{"0":{"start":{"line":1,"column":0},"end":{"line":1,"column":52}},"1":{"start":{"line":2,"column":0},"end":{"line":2,"column":86}},"2":{"start":{"line":4,"column":0},"end":{"line":4,"column":59}},"3":{"start":{"line":6,"column":13},"end":{"line":40,"column":2}},"4":{"start":{"line":8,"column":2},"end":{"line":39,"column":null}},"5":{"start":{"line":9,"column":10},"end":{"line":9,"column":65}},"6":{"start":{"line":12,"column":4},"end":{"line":18,"column":7}},"7":{"start":{"line":13,"column":19},"end":{"line":13,"column":51}},"8":{"start":{"line":14,"column":18},"end":{"line":14,"column":37}},"9":{"start":{"line":15,"column":23},"end":{"line":15,"column":104}},"10":{"start":{"line":16,"column":6},"end":{"line":16,"column":46}},"11":{"start":{"line":17,"column":6},"end":{"line":17,"column":40}},"12":{"start":{"line":21,"column":4},"end":{"line":27,"column":7}},"13":{"start":{"line":22,"column":19},"end":{"line":22,"column":51}},"14":{"start":{"line":23,"column":18},"end":{"line":23,"column":37}},"15":{"start":{"line":24,"column":23},"end":{"line":24,"column":104}},"16":{"start":{"line":25,"column":6},"end":{"line":25,"column":46}},"17":{"start":{"line":26,"column":6},"end":{"line":26,"column":40}},"18":{"start":{"line":30,"column":4},"end":{"line":36,"column":7}},"19":{"start":{"line":31,"column":19},"end":{"line":31,"column":51}},"20":{"start":{"line":32,"column":18},"end":{"line":32,"column":37}},"21":{"start":{"line":33,"column":23},"end":{"line":33,"column":104}},"22":{"start":{"line":34,"column":6},"end":{"line":34,"column":44}},"23":{"start":{"line":35,"column":6},"end":{"line":35,"column":40}},"24":{"start":{"line":38,"column":4},"end":{"line":38,"column":47}}},"fnMap":{"0":{"name":"(anonymous_13)","decl":{"start":{"line":8,"column":2},"end":{"line":8,"column":null}},"loc":{"start":{"line":8,"column":2},"end":{"line":39,"column":null}}},"1":{"name":"(anonymous_16)","decl":{"start":{"line":12,"column":26},"end":{"line":12,"column":27}},"loc":{"start":{"line":12,"column":27},"end":{"line":18,"column":5}}},"2":{"name":"(anonymous_17)","decl":{"start":{"line":21,"column":24},"end":{"line":21,"column":25}},"loc":{"start":{"line":21,"column":25},"end":{"line":27,"column":5}}},"3":{"name":"(anonymous_18)","decl":{"start":{"line":30,"column":24},"end":{"line":30,"column":25}},"loc":{"start":{"line":30,"column":25},"end":{"line":36,"column":5}}}},"branchMap":{"0":{"loc":{"start":{"line":15,"column":23},"end":{"line":15,"column":104}},"type":"binary-expr","locations":[{"start":{"line":15,"column":23},"end":{"line":15,"column":46}},{"start":{"line":15,"column":50},"end":{"line":15,"column":104}}]},"1":{"loc":{"start":{"line":24,"column":23},"end":{"line":24,"column":104}},"type":"binary-expr","locations":[{"start":{"line":24,"column":23},"end":{"line":24,"column":46}},{"start":{"line":24,"column":50},"end":{"line":24,"column":104}}]},"2":{"loc":{"start":{"line":33,"column":23},"end":{"line":33,"column":104}},"type":"binary-expr","locations":[{"start":{"line":33,"column":23},"end":{"line":33,"column":46}},{"start":{"line":33,"column":50},"end":{"line":33,"column":104}}]}},"s":{"0":5,"1":5,"2":5,"3":5,"4":2,"5":2,"6":2,"7":100,"8":100,"9":100,"10":100,"11":100,"12":2,"13":140,"14":140,"15":140,"16":140,"17":140,"18":2,"19":130,"20":130,"21":130,"22":130,"23":130,"24":2},"f":{"0":4,"1":100,"2":140,"3":130},"b":{"0":[100,100],"1":[140,10],"2":[130,20]}}
,"C:\\Users\\bryan\\OneDrive\\Documents\\Desarrollos\\test-frontend-income\\src\\store\\losts\\lostsSelectors.ts": {"path":"C:\\Users\\bryan\\OneDrive\\Documents\\Desarrollos\\test-frontend-income\\src\\store\\losts\\lostsSelectors.ts","statementMap":{"0":{"start":{"line":3,"column":31},"end":{"line":3,"column":58}},"1":{"start":{"line":3,"column":53},"end":{"line":3,"column":70}},"2":{"start":{"line":3,"column":13},"end":{"line":3,"column":31}},"3":{"start":{"line":4,"column":34},"end":{"line":4,"column":61}},"4":{"start":{"line":4,"column":56},"end":{"line":4,"column":76}},"5":{"start":{"line":4,"column":13},"end":{"line":4,"column":34}},"6":{"start":{"line":5,"column":32},"end":{"line":5,"column":59}},"7":{"start":{"line":5,"column":54},"end":{"line":5,"column":72}},"8":{"start":{"line":5,"column":13},"end":{"line":5,"column":32}}},"fnMap":{"0":{"name":"(anonymous_0)","decl":{"start":{"line":3,"column":31},"end":{"line":3,"column":32}},"loc":{"start":{"line":3,"column":48},"end":{"line":3,"column":58}}},"1":{"name":"(anonymous_1)","decl":{"start":{"line":4,"column":34},"end":{"line":4,"column":35}},"loc":{"start":{"line":4,"column":51},"end":{"line":4,"column":61}}},"2":{"name":"(anonymous_2)","decl":{"start":{"line":5,"column":32},"end":{"line":5,"column":33}},"loc":{"start":{"line":5,"column":49},"end":{"line":5,"column":59}}}},"branchMap":{},"s":{"0":2,"1":20,"2":2,"3":2,"4":19,"5":2,"6":2,"7":21,"8":2},"f":{"0":20,"1":19,"2":21},"b":{}}
,"C:\\Users\\bryan\\OneDrive\\Documents\\Desarrollos\\test-frontend-income\\src\\store\\losts\\lostsSlice.ts": {"path":"C:\\Users\\bryan\\OneDrive\\Documents\\Desarrollos\\test-frontend-income\\src\\store\\losts\\lostsSlice.ts","statementMap":{"0":{"start":{"line":1,"column":0},"end":{"line":1,"column":47}},"1":{"start":{"line":2,"column":0},"end":{"line":2,"column":47}},"2":{"start":{"line":11,"column":33},"end":{"line":15,"column":2}},"3":{"start":{"line":17,"column":19},"end":{"line":35,"column":2}},"4":{"start":{"line":22,"column":4},"end":{"line":25,"column":7}},"5":{"start":{"line":23,"column":6},"end":{"line":23,"column":27}},"6":{"start":{"line":24,"column":6},"end":{"line":24,"column":25}},"7":{"start":{"line":26,"column":4},"end":{"line":29,"column":7}},"8":{"start":{"line":27,"column":6},"end":{"line":27,"column":28}},"9":{"start":{"line":28,"column":6},"end":{"line":28,"column":34}},"10":{"start":{"line":30,"column":4},"end":{"line":33,"column":7}},"11":{"start":{"line":31,"column":6},"end":{"line":31,"column":28}},"12":{"start":{"line":32,"column":6},"end":{"line":32,"column":73}},"13":{"start":{"line":37,"column":0},"end":{"line":37,"column":34}}},"fnMap":{"0":{"name":"(anonymous_0)","decl":{"start":{"line":21,"column":17},"end":{"line":21,"column":18}},"loc":{"start":{"line":21,"column":25},"end":{"line":34,"column":3}}},"1":{"name":"(anonymous_1)","decl":{"start":{"line":22,"column":44},"end":{"line":22,"column":45}},"loc":{"start":{"line":22,"column":50},"end":{"line":25,"column":5}}},"2":{"name":"(anonymous_2)","decl":{"start":{"line":26,"column":46},"end":{"line":26,"column":47}},"loc":{"start":{"line":26,"column":60},"end":{"line":29,"column":5}}},"3":{"name":"(anonymous_3)","decl":{"start":{"line":30,"column":45},"end":{"line":30,"column":46}},"loc":{"start":{"line":30,"column":59},"end":{"line":33,"column":5}}}},"branchMap":{"0":{"loc":{"start":{"line":32,"column":20},"end":{"line":32,"column":72}},"type":"binary-expr","locations":[{"start":{"line":32,"column":20},"end":{"line":32,"column":40}},{"start":{"line":32,"column":44},"end":{"line":32,"column":72}}]}},"s":{"0":5,"1":5,"2":5,"3":5,"4":5,"5":2,"6":2,"7":5,"8":2,"9":2,"10":5,"11":0,"12":0,"13":5},"f":{"0":5,"1":2,"2":2,"3":0},"b":{"0":[0,0]}}
,"C:\\Users\\bryan\\OneDrive\\Documents\\Desarrollos\\test-frontend-income\\src\\store\\losts\\lostsThunks.ts": {"path":"C:\\Users\\bryan\\OneDrive\\Documents\\Desarrollos\\test-frontend-income\\src\\store\\losts\\lostsThunks.ts","statementMap":{"0":{"start":{"line":1,"column":0},"end":{"line":1,"column":52}},"1":{"start":{"line":2,"column":0},"end":{"line":2,"column":58}},"2":{"start":{"line":4,"column":0},"end":{"line":4,"column":75}},"3":{"start":{"line":6,"column":13},"end":{"line":33,"column":2}},"4":{"start":{"line":8,"column":2},"end":{"line":32,"column":null}},"5":{"start":{"line":9,"column":10},"end":{"line":9,"column":39}},"6":{"start":{"line":11,"column":10},"end":{"line":11,"column":50}},"7":{"start":{"line":12,"column":10},"end":{"line":12,"column":29}},"8":{"start":{"line":14,"column":10},"end":{"line":19,"column":6}},"9":{"start":{"line":15,"column":6},"end":{"line":17,"column":null}},"10":{"start":{"line":16,"column":8},"end":{"line":16,"column":40}},"11":{"start":{"line":18,"column":6},"end":{"line":18,"column":26}},"12":{"start":{"line":21,"column":4},"end":{"line":26,"column":7}},"13":{"start":{"line":22,"column":19},"end":{"line":22,"column":51}},"14":{"start":{"line":23,"column":19},"end":{"line":23,"column":75}},"15":{"start":{"line":24,"column":6},"end":{"line":24,"column":61}},"16":{"start":{"line":25,"column":6},"end":{"line":25,"column":27}},"17":{"start":{"line":28,"column":4},"end":{"line":31,"column":8}},"18":{"start":{"line":28,"column":43},"end":{"line":28,"column":45}},"19":{"start":{"line":28,"column":53},"end":{"line":28,"column":54}},"20":{"start":{"line":28,"column":59},"end":{"line":31,"column":7}}},"fnMap":{"0":{"name":"(anonymous_15)","decl":{"start":{"line":8,"column":2},"end":{"line":8,"column":null}},"loc":{"start":{"line":8,"column":2},"end":{"line":32,"column":null}}},"1":{"name":"(anonymous_18)","decl":{"start":{"line":14,"column":21},"end":{"line":14,"column":22}},"loc":{"start":{"line":14,"column":34},"end":{"line":19,"column":5}}},"2":{"name":"(anonymous_19)","decl":{"start":{"line":21,"column":17},"end":{"line":21,"column":18}},"loc":{"start":{"line":21,"column":18},"end":{"line":26,"column":5}}},"3":{"name":"(anonymous_20)","decl":{"start":{"line":28,"column":37},"end":{"line":28,"column":38}},"loc":{"start":{"line":28,"column":54},"end":{"line":28,"column":null}}}},"branchMap":{"0":{"loc":{"start":{"line":15,"column":6},"end":{"line":17,"column":null}},"type":"if","locations":[{"start":{"line":15,"column":6},"end":{"line":17,"column":null}}]},"1":{"loc":{"start":{"line":23,"column":19},"end":{"line":23,"column":75}},"type":"binary-expr","locations":[{"start":{"line":23,"column":19},"end":{"line":23,"column":32}},{"start":{"line":23,"column":36},"end":{"line":23,"column":75}}]}},"s":{"0":5,"1":5,"2":5,"3":5,"4":2,"5":2,"6":2,"7":2,"8":2,"9":10,"10":10,"11":10,"12":2,"13":130,"14":130,"15":130,"16":130,"17":2,"18":10,"19":10,"20":10},"f":{"0":4,"1":10,"2":130,"3":10},"b":{"0":[10],"1":[130,10]}}
,"C:\\Users\\bryan\\OneDrive\\Documents\\Desarrollos\\test-frontend-income\\src\\utils\\elements\\elements.ts": {"path":"C:\\Users\\bryan\\OneDrive\\Documents\\Desarrollos\\test-frontend-income\\src\\utils\\elements\\elements.ts","statementMap":{"0":{"start":{"line":1,"column":0},"end":{"line":1,"column":50}},"1":{"start":{"line":4,"column":26},"end":{"line":8,"column":1}},"2":{"start":{"line":5,"column":24},"end":{"line":5,"column":56}},"3":{"start":{"line":7,"column":2},"end":{"line":7,"column":80}},"4":{"start":{"line":4,"column":13},"end":{"line":4,"column":26}},"5":{"start":{"line":10,"column":30},"end":{"line":17,"column":1}},"6":{"start":{"line":11,"column":18},"end":{"line":11,"column":36}},"7":{"start":{"line":12,"column":14},"end":{"line":12,"column":17}},"8":{"start":{"line":13,"column":2},"end":{"line":15,"column":null}},"9":{"start":{"line":13,"column":15},"end":{"line":13,"column":16}},"10":{"start":{"line":14,"column":4},"end":{"line":14,"column":53}},"11":{"start":{"line":16,"column":2},"end":{"line":16,"column":15}},"12":{"start":{"line":10,"column":13},"end":{"line":10,"column":30}},"13":{"start":{"line":19,"column":29},"end":{"line":29,"column":1}},"14":{"start":{"line":20,"column":19},"end":{"line":26,"column":5}},"15":{"start":{"line":20,"column":42},"end":{"line":26,"column":5}},"16":{"start":{"line":22,"column":37},"end":{"line":22,"column":39}},"17":{"start":{"line":22,"column":44},"end":{"line":22,"column":46}},"18":{"start":{"line":22,"column":51},"end":{"line":22,"column":75}},"19":{"start":{"line":28,"column":2},"end":{"line":28,"column":22}},"20":{"start":{"line":19,"column":13},"end":{"line":19,"column":29}}},"fnMap":{"0":{"name":"(anonymous_0)","decl":{"start":{"line":4,"column":26},"end":{"line":4,"column":27}},"loc":{"start":{"line":4,"column":56},"end":{"line":8,"column":1}}},"1":{"name":"(anonymous_1)","decl":{"start":{"line":10,"column":30},"end":{"line":10,"column":null}},"loc":{"start":{"line":10,"column":30},"end":{"line":17,"column":1}}},"2":{"name":"(anonymous_2)","decl":{"start":{"line":19,"column":29},"end":{"line":19,"column":30}},"loc":{"start":{"line":19,"column":46},"end":{"line":29,"column":1}}},"3":{"name":"(anonymous_3)","decl":{"start":{"line":20,"column":28},"end":{"line":20,"column":29}},"loc":{"start":{"line":20,"column":37},"end":{"line":20,"column":43}}},"4":{"name":"(anonymous_4)","decl":{"start":{"line":22,"column":30},"end":{"line":22,"column":31}},"loc":{"start":{"line":22,"column":46},"end":{"line":22,"column":52}}}},"branchMap":{"0":{"loc":{"start":{"line":7,"column":9},"end":{"line":7,"column":79}},"type":"cond-expr","locations":[{"start":{"line":7,"column":34},"end":{"line":7,"column":67}},{"start":{"line":7,"column":70},"end":{"line":7,"column":79}}]}},"s":{"0":5,"1":5,"2":740,"3":740,"4":5,"5":5,"6":30,"7":30,"8":30,"9":30,"10":180,"11":30,"12":5,"13":5,"14":12,"15":30,"16":370,"17":370,"18":370,"19":12,"20":5},"f":{"0":740,"1":30,"2":12,"3":30,"4":370},"b":{"0":[640,100]}}
,"C:\\Users\\bryan\\OneDrive\\Documents\\Desarrollos\\test-frontend-income\\src\\utils\\mocks\\data.mock.ts": {"path":"C:\\Users\\bryan\\OneDrive\\Documents\\Desarrollos\\test-frontend-income\\src\\utils\\mocks\\data.mock.ts","statementMap":{"0":{"start":{"line":3,"column":13},"end":{"line":354,"column":null}},"1":{"start":{"line":356,"column":13},"end":{"line":847,"column":null}},"2":{"start":{"line":849,"column":13},"end":{"line":1305,"column":null}}},"fnMap":{},"branchMap":{},"s":{"0":5,"1":5,"2":5},"f":{},"b":{}}
}
