TN:
SF:src\components\Consume.tsx
FN:10,(anonymous_2)
FN:16,(anonymous_3)
FNF:2
FNH:2
FNDA:7,(anonymous_2)
FNDA:2,(anonymous_3)
DA:1,2
DA:2,2
DA:3,2
DA:4,2
DA:5,2
DA:6,2
DA:7,2
DA:8,2
DA:10,2
DA:11,7
DA:12,6
DA:13,6
DA:14,6
DA:16,6
DA:17,2
DA:20,6
DA:21,4
DA:23,4
DA:33,2
LF:19
LH:19
BRDA:20,0,0,2
BRDA:21,1,0,0
BRF:2
BRH:1
end_of_record
TN:
SF:src\components\Costs.tsx
FN:10,(anonymous_2)
FN:16,(anonymous_3)
FNF:2
FNH:2
FNDA:7,(anonymous_2)
FNDA:2,(anonymous_3)
DA:1,2
DA:2,2
DA:3,2
DA:4,2
DA:5,2
DA:6,2
DA:7,2
DA:8,2
DA:10,2
DA:11,7
DA:12,6
DA:13,6
DA:14,6
DA:16,6
DA:17,2
DA:20,6
DA:21,4
DA:23,4
DA:33,2
LF:19
LH:19
BRDA:20,0,0,2
BRDA:21,1,0,0
BRF:2
BRH:1
end_of_record
TN:
SF:src\components\EnergyTable.tsx
FN:13,(anonymous_2)
FN:24,(anonymous_3)
FN:28,(anonymous_4)
FN:70,(anonymous_5)
FN:72,(anonymous_6)
FN:79,(anonymous_7)
FN:81,(anonymous_8)
FN:90,(anonymous_9)
FN:97,(anonymous_10)
FNF:9
FNH:7
FNDA:8,(anonymous_2)
FNDA:2,(anonymous_3)
FNDA:2,(anonymous_4)
FNDA:5,(anonymous_5)
FNDA:25,(anonymous_6)
FNDA:45,(anonymous_7)
FNDA:225,(anonymous_8)
FNDA:0,(anonymous_9)
FNDA:0,(anonymous_10)
DA:1,2
DA:2,2
DA:8,2
DA:9,2
DA:10,2
DA:11,2
DA:13,2
DA:14,8
DA:15,7
DA:16,7
DA:17,7
DA:19,7
DA:24,7
DA:25,2
DA:28,7
DA:51,7
DA:62,7
DA:63,5
DA:65,5
DA:70,5
DA:72,25
DA:79,45
DA:81,225
DA:90,0
DA:97,0
DA:108,2
LF:26
LH:24
BRDA:62,0,0,2
BRDA:63,1,0,0
BRF:2
BRH:1
end_of_record
TN:
SF:src\components\Losts.tsx
FN:10,(anonymous_2)
FN:16,(anonymous_3)
FNF:2
FNH:2
FNDA:7,(anonymous_2)
FNDA:2,(anonymous_3)
DA:1,2
DA:2,2
DA:3,2
DA:4,2
DA:5,2
DA:6,2
DA:7,2
DA:8,2
DA:10,2
DA:11,7
DA:12,6
DA:13,6
DA:14,6
DA:16,6
DA:17,2
DA:20,6
DA:21,4
DA:23,4
DA:33,2
LF:19
LH:19
BRDA:20,0,0,2
BRDA:21,1,0,0
BRF:2
BRH:1
end_of_record
TN:
SF:src\pages\home.tsx
FN:8,(anonymous_3)
FNF:1
FNH:1
FNDA:2,(anonymous_3)
DA:2,1
DA:3,1
DA:4,1
DA:5,1
DA:6,1
DA:8,1
DA:9,2
DA:29,1
LF:8
LH:8
BRF:0
BRH:0
end_of_record
TN:
SF:src\store\hooks.ts
FN:4,(anonymous_0)
FNF:1
FNH:1
FNDA:29,(anonymous_0)
DA:1,5
DA:4,29
DA:5,5
LF:3
LH:3
BRF:0
BRH:0
end_of_record
TN:
SF:src\store\index.ts
FNF:0
FNH:0
DA:1,5
DA:2,5
DA:3,5
DA:4,5
DA:5,5
DA:7,5
DA:19,5
LF:7
LH:7
BRF:0
BRH:0
end_of_record
TN:
SF:src\store\consume\consumeSelectors.ts
FN:3,(anonymous_0)
FN:4,(anonymous_1)
FN:5,(anonymous_2)
FNF:3
FNH:3
FNDA:21,(anonymous_0)
FNDA:20,(anonymous_1)
FNDA:22,(anonymous_2)
DA:3,21
DA:4,20
DA:5,22
LF:3
LH:3
BRF:0
BRH:0
end_of_record
TN:
SF:src\store\consume\consumeSlice.ts
FN:21,(anonymous_0)
FN:23,(anonymous_1)
FN:27,(anonymous_2)
FN:31,(anonymous_3)
FNF:4
FNH:3
FNDA:5,(anonymous_0)
FNDA:2,(anonymous_1)
FNDA:2,(anonymous_2)
FNDA:0,(anonymous_3)
DA:1,5
DA:2,5
DA:11,5
DA:17,5
DA:22,5
DA:24,2
DA:25,2
DA:28,2
DA:29,2
DA:32,0
DA:33,0
DA:38,5
LF:12
LH:10
BRDA:33,0,0,0
BRDA:33,0,1,0
BRF:2
BRH:0
end_of_record
TN:
SF:src\store\consume\consumeThunks.ts
FN:8,(anonymous_15)
FN:14,(anonymous_18)
FN:21,(anonymous_19)
FN:28,(anonymous_20)
FNF:4
FNH:4
FNDA:4,(anonymous_15)
FNDA:10,(anonymous_18)
FNDA:100,(anonymous_19)
FNDA:10,(anonymous_20)
DA:1,5
DA:2,5
DA:4,5
DA:6,5
DA:8,2
DA:9,2
DA:11,2
DA:12,2
DA:14,2
DA:15,10
DA:16,10
DA:18,10
DA:21,2
DA:22,100
DA:23,100
DA:24,100
DA:25,100
DA:28,10
LF:18
LH:18
BRDA:15,0,0,10
BRDA:23,1,0,100
BRDA:23,1,1,10
BRF:3
BRH:3
end_of_record
TN:
SF:src\store\costs\costsSelectors.ts
FN:3,(anonymous_0)
FN:4,(anonymous_1)
FN:5,(anonymous_2)
FNF:3
FNH:3
FNDA:21,(anonymous_0)
FNDA:20,(anonymous_1)
FNDA:22,(anonymous_2)
DA:3,21
DA:4,20
DA:5,22
LF:3
LH:3
BRF:0
BRH:0
end_of_record
TN:
SF:src\store\costs\costsSlice.ts
FN:21,(anonymous_0)
FN:22,(anonymous_1)
FN:26,(anonymous_2)
FN:30,(anonymous_3)
FNF:4
FNH:3
FNDA:5,(anonymous_0)
FNDA:2,(anonymous_1)
FNDA:2,(anonymous_2)
FNDA:0,(anonymous_3)
DA:1,5
DA:2,5
DA:11,5
DA:17,5
DA:22,5
DA:23,2
DA:24,2
DA:26,5
DA:27,2
DA:28,2
DA:30,5
DA:31,0
DA:32,0
DA:37,5
LF:14
LH:12
BRDA:32,0,0,0
BRDA:32,0,1,0
BRF:2
BRH:0
end_of_record
TN:
SF:src\store\costs\costsThunks.ts
FN:8,(anonymous_15)
FN:14,(anonymous_18)
FN:21,(anonymous_19)
FN:28,(anonymous_20)
FNF:4
FNH:4
FNDA:4,(anonymous_15)
FNDA:10,(anonymous_18)
FNDA:140,(anonymous_19)
FNDA:10,(anonymous_20)
DA:1,5
DA:2,5
DA:4,5
DA:6,5
DA:8,2
DA:9,2
DA:11,2
DA:12,2
DA:14,2
DA:15,10
DA:16,10
DA:18,10
DA:21,2
DA:22,140
DA:23,140
DA:24,140
DA:25,140
DA:28,10
LF:18
LH:18
BRDA:15,0,0,10
BRDA:23,1,0,140
BRDA:23,1,1,10
BRF:3
BRH:3
end_of_record
TN:
SF:src\store\energy\energySelectors.ts
FN:3,(anonymous_0)
FN:4,(anonymous_1)
FN:5,(anonymous_2)
FNF:3
FNH:3
FNDA:16,(anonymous_0)
FNDA:12,(anonymous_1)
FNDA:22,(anonymous_2)
DA:3,16
DA:4,12
DA:5,22
LF:3
LH:3
BRF:0
BRH:0
end_of_record
TN:
SF:src\store\energy\energySlice.ts
FN:21,(anonymous_0)
FN:22,(anonymous_1)
FN:26,(anonymous_2)
FN:30,(anonymous_3)
FNF:4
FNH:3
FNDA:5,(anonymous_0)
FNDA:2,(anonymous_1)
FNDA:2,(anonymous_2)
FNDA:0,(anonymous_3)
DA:1,5
DA:3,5
DA:11,5
DA:17,5
DA:22,5
DA:23,2
DA:24,2
DA:26,5
DA:27,2
DA:28,2
DA:30,5
DA:31,0
DA:32,0
DA:37,5
LF:14
LH:12
BRDA:32,0,0,0
BRDA:32,0,1,0
BRF:2
BRH:0
end_of_record
TN:
SF:src\store\energy\energyThunks.ts
FN:8,(anonymous_13)
FN:12,(anonymous_16)
FN:21,(anonymous_17)
FN:30,(anonymous_18)
FNF:4
FNH:4
FNDA:4,(anonymous_13)
FNDA:100,(anonymous_16)
FNDA:140,(anonymous_17)
FNDA:130,(anonymous_18)
DA:1,5
DA:2,5
DA:4,5
DA:6,5
DA:8,2
DA:9,2
DA:12,2
DA:13,100
DA:14,100
DA:15,100
DA:16,100
DA:17,100
DA:21,2
DA:22,140
DA:23,140
DA:24,140
DA:25,140
DA:26,140
DA:30,2
DA:31,130
DA:32,130
DA:33,130
DA:34,130
DA:35,130
DA:38,2
LF:25
LH:25
BRDA:15,0,0,100
BRDA:15,0,1,100
BRDA:24,1,0,140
BRDA:24,1,1,10
BRDA:33,2,0,130
BRDA:33,2,1,20
BRF:6
BRH:6
end_of_record
TN:
SF:src\store\losts\lostsSelectors.ts
FN:3,(anonymous_0)
FN:4,(anonymous_1)
FN:5,(anonymous_2)
FNF:3
FNH:3
FNDA:20,(anonymous_0)
FNDA:19,(anonymous_1)
FNDA:21,(anonymous_2)
DA:3,20
DA:4,19
DA:5,21
LF:3
LH:3
BRF:0
BRH:0
end_of_record
TN:
SF:src\store\losts\lostsSlice.ts
FN:21,(anonymous_0)
FN:22,(anonymous_1)
FN:26,(anonymous_2)
FN:30,(anonymous_3)
FNF:4
FNH:3
FNDA:5,(anonymous_0)
FNDA:2,(anonymous_1)
FNDA:2,(anonymous_2)
FNDA:0,(anonymous_3)
DA:1,5
DA:2,5
DA:11,5
DA:17,5
DA:22,5
DA:23,2
DA:24,2
DA:26,5
DA:27,2
DA:28,2
DA:30,5
DA:31,0
DA:32,0
DA:37,5
LF:14
LH:12
BRDA:32,0,0,0
BRDA:32,0,1,0
BRF:2
BRH:0
end_of_record
TN:
SF:src\store\losts\lostsThunks.ts
FN:8,(anonymous_15)
FN:14,(anonymous_18)
FN:21,(anonymous_19)
FN:28,(anonymous_20)
FNF:4
FNH:4
FNDA:4,(anonymous_15)
FNDA:10,(anonymous_18)
FNDA:130,(anonymous_19)
FNDA:10,(anonymous_20)
DA:1,5
DA:2,5
DA:4,5
DA:6,5
DA:8,2
DA:9,2
DA:11,2
DA:12,2
DA:14,2
DA:15,10
DA:16,10
DA:18,10
DA:21,2
DA:22,130
DA:23,130
DA:24,130
DA:25,130
DA:28,10
LF:18
LH:18
BRDA:15,0,0,10
BRDA:23,1,0,130
BRDA:23,1,1,10
BRF:3
BRH:3
end_of_record
TN:
SF:src\utils\elements\elements.ts
FN:4,(anonymous_0)
FN:10,(anonymous_1)
FN:19,(anonymous_2)
FN:20,(anonymous_3)
FN:22,(anonymous_4)
FNF:5
FNH:5
FNDA:740,(anonymous_0)
FNDA:30,(anonymous_1)
FNDA:12,(anonymous_2)
FNDA:30,(anonymous_3)
FNDA:370,(anonymous_4)
DA:1,5
DA:4,5
DA:5,740
DA:7,740
DA:10,5
DA:11,30
DA:12,30
DA:13,30
DA:14,180
DA:16,30
DA:19,5
DA:20,30
DA:22,370
DA:28,12
LF:14
LH:14
BRDA:7,0,0,640
BRDA:7,0,1,100
BRF:2
BRH:2
end_of_record
TN:
SF:src\utils\mocks\data.mock.ts
FNF:0
FNH:0
DA:3,5
DA:356,5
DA:849,5
LF:3
LH:3
BRF:0
BRH:0
end_of_record
